Arguments: 
  /usr/bin/node /home/eduardo/.yarn/bin/yarn.js add express sequelize mysql12 body-parser cors --save

PATH: 
  /home/eduardo/.yarn/bin:/home/eduardo/.config/yarn/global/node_modules/.bin:/home/eduardo/.yarn/bin:/home/eduardo/.config/yarn/global/node_modules/.bin:/home/eduardo/.local/bin:/usr/local/sbin:/usr/local/bin:/usr/sbin:/usr/bin:/sbin:/bin:/usr/games:/usr/local/games:/snap/bin

Yarn version: 
  1.22.4

Node version: 
  13.14.0

Platform: 
  linux x64

Trace: 
  Error: https://registry.yarnpkg.com/mysql12: Not found
      at Request.params.callback [as _callback] (/home/eduardo/.yarn/lib/cli.js:66987:18)
      at Request.self.callback (/home/eduardo/.yarn/lib/cli.js:140748:22)
      at Request.emit (events.js:315:20)
      at Request.<anonymous> (/home/eduardo/.yarn/lib/cli.js:141720:10)
      at Request.emit (events.js:315:20)
      at IncomingMessage.<anonymous> (/home/eduardo/.yarn/lib/cli.js:141642:12)
      at Object.onceWrapper (events.js:421:28)
      at IncomingMessage.emit (events.js:327:22)
      at endReadableNT (_stream_readable.js:1201:12)
      at processTicksAndRejections (internal/process/task_queues.js:84:21)

npm manifest: 
  {
    "name": "sequelize-tutorial",
    "version": "1.0.0",
    "main": "index.js",
    "license": "MIT"
  }

yarn manifest: 
  No manifest

Lockfile: 
  No lockfile
